[debug] [2025-08-07T17:53:47.037Z] ----------------------------------------------------------------------
[debug] [2025-08-07T17:53:47.039Z] Command:       C:\nvm4w\nodejs\node.exe C:\nvm4w\nodejs\node_modules\firebase-tools\lib\bin\firebase.js init
[debug] [2025-08-07T17:53:47.040Z] CLI Version:   14.12.0
[debug] [2025-08-07T17:53:47.040Z] Platform:      win32
[debug] [2025-08-07T17:53:47.040Z] Node Version:  v20.18.2
[debug] [2025-08-07T17:53:47.040Z] Time:          Thu Aug 07 2025 20:53:47 GMT+0300 (за східноєвропейським літнім часом)
[debug] [2025-08-07T17:53:47.041Z] ----------------------------------------------------------------------
[debug] 
[debug] [2025-08-07T17:53:47.046Z] > command requires scopes: ["email","openid","https://www.googleapis.com/auth/cloudplatformprojects.readonly","https://www.googleapis.com/auth/firebase","https://www.googleapis.com/auth/cloud-platform"]
[debug] [2025-08-07T17:53:47.047Z] > authorizing via signed-in user (bodich84@gmail.com)
[info] 
     ######## #### ########  ######## ########     ###     ######  ########
     ##        ##  ##     ## ##       ##     ##  ##   ##  ##       ##
     ######    ##  ########  ######   ########  #########  ######  ######
     ##        ##  ##    ##  ##       ##     ## ##     ##       ## ##
     ##       #### ##     ## ######## ########  ##     ##  ######  ########

You're about to initialize a Firebase project in this directory:

  D:\finance-app\Financely

[debug] [2025-08-07T17:55:27.682Z] ----------------------------------------------------------------------
[debug] [2025-08-07T17:55:27.685Z] Command:       C:\nvm4w\nodejs\node.exe C:\nvm4w\nodejs\node_modules\firebase-tools\lib\bin\firebase.js init
[debug] [2025-08-07T17:55:27.685Z] CLI Version:   14.12.0
[debug] [2025-08-07T17:55:27.685Z] Platform:      win32
[debug] [2025-08-07T17:55:27.685Z] Node Version:  v20.18.2
[debug] [2025-08-07T17:55:27.685Z] Time:          Thu Aug 07 2025 20:55:27 GMT+0300 (за східноєвропейським літнім часом)
[debug] [2025-08-07T17:55:27.685Z] ----------------------------------------------------------------------
[debug] 
[debug] [2025-08-07T17:55:27.692Z] > command requires scopes: ["email","openid","https://www.googleapis.com/auth/cloudplatformprojects.readonly","https://www.googleapis.com/auth/firebase","https://www.googleapis.com/auth/cloud-platform"]
[debug] [2025-08-07T17:55:27.693Z] > authorizing via signed-in user (bodich84@gmail.com)
[info] 
     ######## #### ########  ######## ########     ###     ######  ########
     ##        ##  ##     ## ##       ##     ##  ##   ##  ##       ##
     ######    ##  ########  ######   ########  #########  ######  ######
     ##        ##  ##    ##  ##       ##     ## ##     ##       ## ##
     ##       #### ##     ## ######## ########  ##     ##  ######  ########

You're about to initialize a Firebase project in this directory:

  D:\finance-app\Financely

[info] 
=== Project Setup
[info] 
[info] First, let's associate this project directory with a Firebase project.
[info] You can create multiple project aliases by running firebase use --add, 
[info] but for now we'll just set up a default project.
[info] 
[debug] [2025-08-07T17:57:00.349Z] ExitPromptError: User force closed the prompt with SIGINT
    at Interface.sigint (C:\Users\bodic\AppData\Local\nvm\v20.18.2\node_modules\firebase-tools\node_modules\@inquirer\core\dist\commonjs\lib\create-prompt.js:101:37)
    at Interface.emit (node:events:518:28)
    at Interface.emit (node:domain:489:12)
    at [_ttyWrite] [as _ttyWrite] (node:internal/readline/interface:1125:18)
    at ReadStream.onkeypress (node:internal/readline/interface:264:20)
    at ReadStream.emit (node:events:530:35)
    at ReadStream.emit (node:domain:489:12)
    at emitKeys (node:internal/readline/utils:371:14)
    at emitKeys.next (<anonymous>)
    at ReadStream.onData (node:internal/readline/emitKeypressEvents:64:36)
[error] 
[error] Error: An unexpected error has occurred.
[debug] [2025-08-07T17:57:06.030Z] ----------------------------------------------------------------------
[debug] [2025-08-07T17:57:06.033Z] Command:       C:\nvm4w\nodejs\node.exe C:\nvm4w\nodejs\node_modules\firebase-tools\lib\bin\firebase.js init
[debug] [2025-08-07T17:57:06.033Z] CLI Version:   14.12.0
[debug] [2025-08-07T17:57:06.033Z] Platform:      win32
[debug] [2025-08-07T17:57:06.034Z] Node Version:  v20.18.2
[debug] [2025-08-07T17:57:06.034Z] Time:          Thu Aug 07 2025 20:57:06 GMT+0300 (за східноєвропейським літнім часом)
[debug] [2025-08-07T17:57:06.034Z] ----------------------------------------------------------------------
[debug] 
[debug] [2025-08-07T17:57:06.039Z] > command requires scopes: ["email","openid","https://www.googleapis.com/auth/cloudplatformprojects.readonly","https://www.googleapis.com/auth/firebase","https://www.googleapis.com/auth/cloud-platform"]
[debug] [2025-08-07T17:57:06.040Z] > authorizing via signed-in user (bodich84@gmail.com)
[info] 
     ######## #### ########  ######## ########     ###     ######  ########
     ##        ##  ##     ## ##       ##     ##  ##   ##  ##       ##
     ######    ##  ########  ######   ########  #########  ######  ######
     ##        ##  ##    ##  ##       ##     ## ##     ##       ## ##
     ##       #### ##     ## ######## ########  ##     ##  ######  ########

You're about to initialize a Firebase project in this directory:

  D:\finance-app\Financely

[info] 
=== Project Setup
[info] 
[info] First, let's associate this project directory with a Firebase project.
[info] You can create multiple project aliases by running firebase use --add, 
[info] but for now we'll just set up a default project.
[info] 
[debug] [2025-08-07T17:58:20.539Z] Checked if tokens are valid: true, expires at: 1754592797120
[debug] [2025-08-07T17:58:20.540Z] Checked if tokens are valid: true, expires at: 1754592797120
[debug] [2025-08-07T17:58:20.544Z] >>> [apiv2][query] GET https://firebase.googleapis.com/v1beta1/projects pageSize=100
[debug] [2025-08-07T17:58:21.135Z] <<< [apiv2][status] GET https://firebase.googleapis.com/v1beta1/projects 200
[debug] [2025-08-07T17:58:21.136Z] <<< [apiv2][body] GET https://firebase.googleapis.com/v1beta1/projects [omitted]
[info] i  Using project financely-a845f (financely) 
[info] 
=== Firestore Setup
[info] i  firestore: ensuring required API firestore.googleapis.com is enabled... 
[debug] [2025-08-07T17:58:23.714Z] Checked if tokens are valid: true, expires at: 1754592797120
[debug] [2025-08-07T17:58:23.714Z] Checked if tokens are valid: true, expires at: 1754592797120
[debug] [2025-08-07T17:58:23.714Z] >>> [apiv2][query] GET https://serviceusage.googleapis.com/v1/projects/financely-a845f/services/firestore.googleapis.com [none]
[debug] [2025-08-07T17:58:23.715Z] >>> [apiv2][(partial)header] GET https://serviceusage.googleapis.com/v1/projects/financely-a845f/services/firestore.googleapis.com x-goog-quota-user=projects/financely-a845f
[debug] [2025-08-07T17:58:24.728Z] <<< [apiv2][status] GET https://serviceusage.googleapis.com/v1/projects/financely-a845f/services/firestore.googleapis.com 200
[debug] [2025-08-07T17:58:24.729Z] <<< [apiv2][body] GET https://serviceusage.googleapis.com/v1/projects/financely-a845f/services/firestore.googleapis.com [omitted]
[warn] !  firestore: missing required API firestore.googleapis.com. Enabling now... 
[debug] [2025-08-07T17:58:24.730Z] Checked if tokens are valid: true, expires at: 1754592797120
[debug] [2025-08-07T17:58:24.730Z] Checked if tokens are valid: true, expires at: 1754592797120
[debug] [2025-08-07T17:58:24.730Z] >>> [apiv2][query] POST https://serviceusage.googleapis.com/v1/projects/financely-a845f/services/firestore.googleapis.com:enable [none]
[debug] [2025-08-07T17:58:24.731Z] >>> [apiv2][(partial)header] POST https://serviceusage.googleapis.com/v1/projects/financely-a845f/services/firestore.googleapis.com:enable x-goog-quota-user=projects/financely-a845f
[debug] [2025-08-07T17:58:25.567Z] <<< [apiv2][status] POST https://serviceusage.googleapis.com/v1/projects/financely-a845f/services/firestore.googleapis.com:enable 200
[debug] [2025-08-07T17:58:25.567Z] <<< [apiv2][body] POST https://serviceusage.googleapis.com/v1/projects/financely-a845f/services/firestore.googleapis.com:enable [omitted]
